This is pdfTeX, Version 3.14159265-2.6-1.40.16 (MiKTeX 2.9 64-bit) (preloaded format=pdflatex 2016.1.9)  6 JUN 2016 14:57
entering extended mode
**./report.tex
(report.tex
LaTeX2e <2015/10/01> patch level 2
Babel <3.9m> and hyphenation patterns for 69 languages loaded.
("C:\Program Files\MiKTeX 2.9\tex\latex\revtex\revtex4-1.cls"
Document Class: revtex4-1 2010/07/25/20:33:00 4.1r (http://publish.aps.org/revt
ex4/ for documentation)
 Copyright (c) 2009 The American Physical Society.
 mailto:revtex@aps.org
 Licensed under the LPPL:
http://www.ctan.org/tex-archive/macros/latex/base/lppl.txt
 Arthur Ogawa <arthur_ogawa at sbcglobal dot net>
 Based on work by David Carlisle <david at dcarlisle.demon.co.uk>.
ltxutil[2010/07/25/20:33:00 4.1r utilities package (portions licensed from W. E
. Baxter web at superscript.com)]
LaTeX Info: Redefining \@centercr on input line 308.
Class revtex4-1 Info: Repairing broken LaTeX eqnarray on input line 358.
\eqncolsep=\skip41
Class revtex4-1 Info: Repairing hyperref-unfriendly LaTeX definition of \mpfoot
note on input line 433.
Class revtex4-1 Info: Repairing broken LateX \@sect on input line 755.
\intertabularlinepenalty=\count79
\@tbpen=\count80
\@arstrutbox@hline=\box26
Class revtex4-1 Info: Repairing broken LaTeX \@xbitor on input line 1786.
Class revtex4-1 Info: Making \typeout \long on input line 2046.
ltxfront[2010/07/25/20:33:00 4.1r frontmatter package (AO,DPC)]
\c@affil=\count81
\c@collab=\count82
\absbox=\box27
ltxgrid[2010/07/25/20:33:00 4.1r page grid package (portions licensed from W. E
. Baxter web at superscript.com)]
\c@linecount=\count83
\output@latex=\toks14
\box@size@1=\box28
\box@size@2=\box29
\@protection@box=\box30
\@topmark@saved=\toks15
\footins@saved=\box31
\footins@recovered=\box32
\column@recovered=\box33
\pagesofar=\box34
\footsofar=\box35
\pagegrid@col=\count84
Class revtex4-1 Info: Overriding \@vspace, \@vspacer, \@no@pgbk, \@newline, and
 \\  on input line 5578.
\c@part=\count85
\c@section=\count86
\c@subsection=\count87
\c@subsubsection=\count88
\c@paragraph=\count89
\c@subparagraph=\count90
\abovecaptionskip=\skip42
\belowcaptionskip=\skip43
\c@figure=\count91
\fbox@1=\box36
\c@table=\count92
\fbox@2=\box37
\c@video=\count93
\fbox@4=\box38
\@bibdataout=\write3
\widetext@top=\box39
\widetext@bot=\box40
Class revtex4-1 Info: Selecting society aps on input line 7542.
("C:\Program Files\MiKTeX 2.9\tex\latex\revtex\aps4-1.rtx"
File: aps4-1 2010/07/25/20:33:00 4.1r (http://publish.aps.org/revtex4/ for docu
mentation)
Class revtex4-1 Info: RevTeX society APS selected on input line 31.
)

Class revtex4-1 Warning: No journal specified, using default pra.

Class revtex4-1 Info: APS journal PRA selected on input line 7545.
("C:\Program Files\MiKTeX 2.9\tex\latex\revtex\aps10pt4-1.rtx"
File: aps10pt4-1 2010/07/25/20:33:00 4.1r (http://publish.aps.org/revtex4/ for 
documentation)
Class revtex4-1 Info: RevTeX pointsize 10pt selected on input line 30.
)
("C:\Program Files\MiKTeX 2.9\tex\latex\textcase\textcase.sty"
Package: textcase 2004/10/07 v0.07 Text only upper/lower case changing (DPC)
)
("C:\Program Files\MiKTeX 2.9\tex\latex\amsfonts\amssymb.sty"
Package: amssymb 2013/01/14 v3.01 AMS font symbols

("C:\Program Files\MiKTeX 2.9\tex\latex\amsfonts\amsfonts.sty"
Package: amsfonts 2013/01/14 v3.01 Basic AMSFonts support
\@emptytoks=\toks16
\symAMSa=\mathgroup4
\symAMSb=\mathgroup5
LaTeX Font Info:    Overwriting math alphabet `\mathfrak' in version `bold'
(Font)                  U/euf/m/n --> U/euf/b/n on input line 106.
))
("C:\Program Files\MiKTeX 2.9\tex\latex\amsmath\amsmath.sty"
Package: amsmath 2013/01/14 v2.14 AMS math features
\@mathmargin=\skip44

For additional information on amsmath, use the `?' option.
("C:\Program Files\MiKTeX 2.9\tex\latex\amsmath\amstext.sty"
Package: amstext 2000/06/29 v2.01

("C:\Program Files\MiKTeX 2.9\tex\latex\amsmath\amsgen.sty"
File: amsgen.sty 1999/11/30 v2.0
\@emptytoks=\toks17
\ex@=\dimen102
)
LaTeX Info: Redefining \text on input line 39.
)
("C:\Program Files\MiKTeX 2.9\tex\latex\amsmath\amsbsy.sty"
Package: amsbsy 1999/11/29 v1.2d
\pmbraise@=\dimen103
)
("C:\Program Files\MiKTeX 2.9\tex\latex\amsmath\amsopn.sty"
Package: amsopn 1999/12/14 v2.01 operator names
)
\inf@bad=\count94
LaTeX Info: Redefining \frac on input line 210.
\uproot@=\count95
\leftroot@=\count96
LaTeX Info: Redefining \overline on input line 306.
\classnum@=\count97
\DOTSCASE@=\count98
LaTeX Info: Redefining \ldots on input line 378.
LaTeX Info: Redefining \dots on input line 381.
LaTeX Info: Redefining \cdots on input line 466.
\Mathstrutbox@=\box41
\strutbox@=\box42
\big@size=\dimen104
LaTeX Font Info:    Redeclaring font encoding OML on input line 566.
LaTeX Font Info:    Redeclaring font encoding OMS on input line 567.
\macc@depth=\count99
\c@MaxMatrixCols=\count100
\dotsspace@=\muskip10
\c@parentequation=\count101
\dspbrk@lvl=\count102
\tag@help=\toks18
\row@=\count103
\column@=\count104
\maxfields@=\count105
\andhelp@=\toks19
\eqnshift@=\dimen105
\alignsep@=\dimen106
\tagshift@=\dimen107
\tagwidth@=\dimen108
\totwidth@=\dimen109
\lineht@=\dimen110
\@envbody=\toks20
\multlinegap=\skip45
\multlinetaggap=\skip46
\mathdisplay@stack=\toks21
LaTeX Info: Redefining \[ on input line 2665.
LaTeX Info: Redefining \] on input line 2666.
)
("C:\Program Files\MiKTeX 2.9\tex\latex\url\url.sty"
\Urlmuskip=\muskip11
Package: url 2013/09/16  ver 3.4  Verb mode for urls, etc.
)
("C:\Program Files\MiKTeX 2.9\tex\latex\natbib\natbib.sty"
Package: natbib 2010/09/13 8.31b (PWD, AO)
\bibhang=\skip47
\bibsep=\skip48
LaTeX Info: Redefining \cite on input line 694.
\c@NAT@ctr=\count106
)
Class revtex4-1 Info: Repairing natbib's \BibitemShut on input line 7549.

("C:\Program Files\MiKTeX 2.9\tex\latex\revtex\revsymb4-1.sty"
Package: revsymb4-1 2010/07/25/20:33:00 4.1r (http://publish.aps.org/revtex4/ f
or documentation)
LaTeX Info: Redefining \frak on input line 95.
LaTeX Info: Redefining \Bbb on input line 111.
LaTeX Info: Redefining \REV@mathfrak on input line 119.
))
("C:\Program Files\MiKTeX 2.9\tex\latex\graphics\graphicx.sty"
Package: graphicx 2014/10/28 v1.0g Enhanced LaTeX Graphics (DPC,SPQR)

("C:\Program Files\MiKTeX 2.9\tex\latex\graphics\keyval.sty"
Package: keyval 2014/10/28 v1.15 key=value parser (DPC)
\KV@toks@=\toks22
)
("C:\Program Files\MiKTeX 2.9\tex\latex\graphics\graphics.sty"
Package: graphics 2014/10/28 v1.0p Standard LaTeX Graphics (DPC,SPQR)

("C:\Program Files\MiKTeX 2.9\tex\latex\graphics\trig.sty"
Package: trig 1999/03/16 v1.09 sin cos tan (DPC)
)
("C:\Program Files\MiKTeX 2.9\tex\latex\00miktex\graphics.cfg"
File: graphics.cfg 2007/01/18 v1.5 graphics configuration of teTeX/TeXLive
)
Package graphics Info: Driver file: pdftex.def on input line 94.

("C:\Program Files\MiKTeX 2.9\tex\latex\pdftex-def\pdftex.def"
File: pdftex.def 2011/05/27 v0.06d Graphics/color for pdfTeX

("C:\Program Files\MiKTeX 2.9\tex\generic\oberdiek\infwarerr.sty"
Package: infwarerr 2010/04/08 v1.3 Providing info/warning/error messages (HO)
)
("C:\Program Files\MiKTeX 2.9\tex\generic\oberdiek\ltxcmds.sty"
Package: ltxcmds 2011/11/09 v1.22 LaTeX kernel commands for general use (HO)
)
\Gread@gobject=\count107
))
\Gin@req@height=\dimen111
\Gin@req@width=\dimen112
)
("C:\Program Files\MiKTeX 2.9\tex\latex\tools\dcolumn.sty"
Package: dcolumn 2014/10/28 v1.06 decimal alignment package (DPC)

("C:\Program Files\MiKTeX 2.9\tex\latex\tools\array.sty"
Package: array 2014/10/28 v2.4c Tabular extension package (FMi)
\col@sep=\dimen113
\extrarowheight=\dimen114
\NC@list=\toks23
\extratabsurround=\skip49
\backup@length=\skip50
))
("C:\Program Files\MiKTeX 2.9\tex\latex\tools\bm.sty"
Package: bm 2014/10/28 v1.1c Bold Symbol Support (DPC/FMi)
\symboldoperators=\mathgroup6
\symboldletters=\mathgroup7
\symboldsymbols=\mathgroup8
LaTeX Font Info:    Redeclaring math alphabet \mathbf on input line 141.
LaTeX Info: Redefining \bm on input line 207.
)
("C:\Program Files\MiKTeX 2.9\tex\latex\braket\braket.sty")
("C:\Program Files\MiKTeX 2.9\tex\latex\ulem\ulem.sty"
\UL@box=\box43
\UL@hyphenbox=\box44
\UL@skip=\skip51
\UL@hook=\toks24
\UL@height=\dimen115
\UL@pe=\count108
\UL@pixel=\dimen116
\ULC@box=\box45
Package: ulem 2012/05/18
\ULdepth=\dimen117
)
("C:\Program Files\MiKTeX 2.9\tex\latex\xcolor\xcolor.sty"
Package: xcolor 2007/01/21 v2.11 LaTeX color extensions (UK)

("C:\Program Files\MiKTeX 2.9\tex\latex\00miktex\color.cfg"
File: color.cfg 2007/01/18 v1.5 color configuration of teTeX/TeXLive
)
Package xcolor Info: Driver file: pdftex.def on input line 225.
Package xcolor Info: Model `cmy' substituted by `cmy0' on input line 1337.
Package xcolor Info: Model `hsb' substituted by `rgb' on input line 1341.
Package xcolor Info: Model `RGB' extended on input line 1353.
Package xcolor Info: Model `HTML' substituted by `rgb' on input line 1355.
Package xcolor Info: Model `Hsb' substituted by `hsb' on input line 1356.
Package xcolor Info: Model `tHsb' substituted by `hsb' on input line 1357.
Package xcolor Info: Model `HSB' substituted by `hsb' on input line 1358.
Package xcolor Info: Model `Gray' substituted by `gray' on input line 1359.
Package xcolor Info: Model `wave' substituted by `hsb' on input line 1360.
)
("C:\Program Files\MiKTeX 2.9\tex\latex\caption\caption.sty"
Package: caption 2015/09/17 v3.3-111 Customizing captions (AR)

("C:\Program Files\MiKTeX 2.9\tex\latex\caption\caption3.sty"
Package: caption3 2015/09/20 v1.7-115 caption3 kernel (AR)
Package caption3 Info: TeX engine: e-TeX on input line 57.
\captionmargin=\dimen118
\captionmargin@=\dimen119
\captionwidth=\dimen120
\caption@tempdima=\dimen121
\caption@indent=\dimen122
\caption@parindent=\dimen123
\caption@hangindent=\dimen124
Package caption Info: Unknown document class (or package),
(caption)             standard defaults will be used.
)

Package caption Warning: Unsupported document class (or package) detected,
(caption)                usage of the caption package is not recommended.
See the caption package documentation for explanation.

Package caption Info: \@makecaption = \long macro:#1#2->\par \vskip \abovecapti
onskip \begingroup \small \rmfamily \sbox \@tempboxa {\let \\\heading@cr \@make
@capt@title {#1}{#2}}\@ifdim {\wd \@tempboxa >\hsize }{\begingroup \samepage \f
lushing \let \footnote \@footnotemark@gobble \@make@capt@title {#1}{#2}\par \en
dgroup }{\global \@minipagefalse \hb@xt@ \hsize {\hfil \unhbox \@tempboxa \hfil
 }}\endgroup \vskip \belowcaptionskip .
\c@ContinuedFloat=\count109
) (UCLCommands.tex)
("C:\Program Files\MiKTeX 2.9\tex\latex\caption\subcaption.sty"
Package: subcaption 2015/09/15 v1.1-100 Sub-captions (AR)
\c@subfigure=\count110
\c@subtable=\count111
)
("C:\Program Files\MiKTeX 2.9\tex\latex\microtype\microtype.sty"
Package: microtype 2013/05/23 v2.5a Micro-typographical refinements (RS)
\MT@toks=\toks25
\MT@count=\count112
LaTeX Info: Redefining \textls on input line 766.
\MT@outer@kern=\dimen125
LaTeX Info: Redefining \textmicrotypecontext on input line 1285.
\MT@listname@count=\count113

("C:\Program Files\MiKTeX 2.9\tex\latex\microtype\microtype-pdftex.def"
File: microtype-pdftex.def 2013/05/23 v2.5a Definitions specific to pdftex (RS)

LaTeX Info: Redefining \lsstyle on input line 915.
LaTeX Info: Redefining \lslig on input line 915.
\MT@outer@space=\skip52
)
Package microtype Info: Loading configuration file microtype.cfg.

("C:\Program Files\MiKTeX 2.9\tex\latex\microtype\microtype.cfg"
File: microtype.cfg 2013/05/23 v2.5a microtype main configuration file (RS)
))
("C:\Program Files\MiKTeX 2.9\tex\latex\preprint\balance.sty"
Package: balance 1999/02/23 4.3 (PWD)
\oldvsize=\dimen126
)
("C:\Program Files\MiKTeX 2.9\tex\latex\lm\lmodern.sty"
Package: lmodern 2009/10/30 v1.6 Latin Modern Fonts
LaTeX Font Info:    Overwriting symbol font `operators' in version `normal'
(Font)                  OT1/cmr/m/n --> OT1/lmr/m/n on input line 22.
LaTeX Font Info:    Overwriting symbol font `letters' in version `normal'
(Font)                  OML/cmm/m/it --> OML/lmm/m/it on input line 23.
LaTeX Font Info:    Overwriting symbol font `symbols' in version `normal'
(Font)                  OMS/cmsy/m/n --> OMS/lmsy/m/n on input line 24.
LaTeX Font Info:    Overwriting symbol font `largesymbols' in version `normal'
(Font)                  OMX/cmex/m/n --> OMX/lmex/m/n on input line 25.
LaTeX Font Info:    Overwriting symbol font `operators' in version `bold'
(Font)                  OT1/cmr/bx/n --> OT1/lmr/bx/n on input line 26.
LaTeX Font Info:    Overwriting symbol font `letters' in version `bold'
(Font)                  OML/cmm/b/it --> OML/lmm/b/it on input line 27.
LaTeX Font Info:    Overwriting symbol font `symbols' in version `bold'
(Font)                  OMS/cmsy/b/n --> OMS/lmsy/b/n on input line 28.
LaTeX Font Info:    Overwriting symbol font `largesymbols' in version `bold'
(Font)                  OMX/cmex/m/n --> OMX/lmex/m/n on input line 29.
LaTeX Font Info:    Overwriting math alphabet `\mathbf' in version `normal'
(Font)                  OT1/cmr/bx/n --> OT1/lmr/bx/n on input line 31.
LaTeX Font Info:    Overwriting math alphabet `\mathsf' in version `normal'
(Font)                  OT1/cmss/m/n --> OT1/lmss/m/n on input line 32.
LaTeX Font Info:    Overwriting math alphabet `\mathit' in version `normal'
(Font)                  OT1/cmr/m/it --> OT1/lmr/m/it on input line 33.
LaTeX Font Info:    Overwriting math alphabet `\mathtt' in version `normal'
(Font)                  OT1/cmtt/m/n --> OT1/lmtt/m/n on input line 34.
LaTeX Font Info:    Overwriting math alphabet `\mathbf' in version `bold'
(Font)                  OT1/cmr/bx/n --> OT1/lmr/bx/n on input line 35.
LaTeX Font Info:    Overwriting math alphabet `\mathsf' in version `bold'
(Font)                  OT1/cmss/bx/n --> OT1/lmss/bx/n on input line 36.
LaTeX Font Info:    Overwriting math alphabet `\mathit' in version `bold'
(Font)                  OT1/cmr/bx/it --> OT1/lmr/bx/it on input line 37.
LaTeX Font Info:    Overwriting math alphabet `\mathtt' in version `bold'
(Font)                  OT1/cmtt/m/n --> OT1/lmtt/m/n on input line 38.
)
("C:\Program Files\MiKTeX 2.9\tex\latex\base\fontenc.sty"
Package: fontenc 2005/09/27 v1.99g Standard LaTeX package

("C:\Program Files\MiKTeX 2.9\tex\latex\base\t1enc.def"
File: t1enc.def 2005/09/27 v1.99g Standard LaTeX file
LaTeX Font Info:    Redeclaring font encoding T1 on input line 48.
))
("C:\Program Files\MiKTeX 2.9\tex\latex\siunitx\siunitx.sty"
("C:\Program Files\MiKTeX 2.9\tex\latex\l3kernel\expl3.sty"
Package: expl3 2015/12/20 v6326 L3 programming layer (loader) 

("C:\Program Files\MiKTeX 2.9\tex\latex\l3kernel\expl3-code.tex"
Package: expl3 2015/12/20 v6326 L3 programming layer (code)
L3 Module: l3bootstrap 2015/12/15 v6320 L3 Bootstrap code
L3 Module: l3names 2015/11/16 v6276 L3 Namespace for primitives
L3 Module: l3basics 2015/11/22 v6315 L3 Basic definitions
L3 Module: l3expan 2015/09/10 v5983 L3 Argument expansion
L3 Module: l3tl 2015/09/29 v6121 L3 Token lists
L3 Module: l3str 2015/12/20 v6325 L3 Strings
L3 Module: l3seq 2015/08/05 v5777 L3 Sequences and stacks
L3 Module: l3int 2015/09/25 v6089 L3 Integers
\c_max_int=\count114
\l_tmpa_int=\count115
\l_tmpb_int=\count116
\g_tmpa_int=\count117
\g_tmpb_int=\count118
L3 Module: l3quark 2015/08/17 v5855 L3 Quarks
L3 Module: l3prg 2015/11/01 v6216 L3 Control structures
\g__prg_map_int=\count119
L3 Module: l3clist 2015/09/02 v5901 L3 Comma separated lists
L3 Module: l3token 2015/11/11 v6249 L3 Experimental token manipulation
L3 Module: l3prop 2015/08/05 v5777 L3 Property lists
L3 Module: l3msg 2015/09/28 v6113 L3 Messages
L3 Module: l3file 2015/12/03 v6317 L3 File and I/O operations
\l_iow_line_count_int=\count120
\l__iow_target_count_int=\count121
\l__iow_current_line_int=\count122
\l__iow_current_word_int=\count123
\l__iow_current_indentation_int=\count124
L3 Module: l3skip 2015/09/25 v6089 L3 Dimensions and skips
\c_zero_dim=\dimen127
\c_max_dim=\dimen128
\l_tmpa_dim=\dimen129
\l_tmpb_dim=\dimen130
\g_tmpa_dim=\dimen131
\g_tmpb_dim=\dimen132
\c_zero_skip=\skip53
\c_max_skip=\skip54
\l_tmpa_skip=\skip55
\l_tmpb_skip=\skip56
\g_tmpa_skip=\skip57
\g_tmpb_skip=\skip58
\c_zero_muskip=\muskip12
\c_max_muskip=\muskip13
\l_tmpa_muskip=\muskip14
\l_tmpb_muskip=\muskip15
\g_tmpa_muskip=\muskip16
\g_tmpb_muskip=\muskip17
L3 Module: l3keys 2015/11/17 v6284 L3 Key-value interfaces
\g__keyval_level_int=\count125
\l_keys_choice_int=\count126
L3 Module: l3fp 2015/08/25 v5890 L3 Floating points
\c__fp_leading_shift_int=\count127
\c__fp_middle_shift_int=\count128
\c__fp_trailing_shift_int=\count129
\c__fp_big_leading_shift_int=\count130
\c__fp_big_middle_shift_int=\count131
\c__fp_big_trailing_shift_int=\count132
\c__fp_Bigg_leading_shift_int=\count133
\c__fp_Bigg_middle_shift_int=\count134
\c__fp_Bigg_trailing_shift_int=\count135
L3 Module: l3box 2015/08/09 v5822 L3 Experimental boxes
\c_empty_box=\box46
\l_tmpa_box=\box47
\l_tmpb_box=\box48
\g_tmpa_box=\box49
\g_tmpb_box=\box50
L3 Module: l3coffins 2015/08/06 v5789 L3 Coffin code layer
\l__coffin_internal_box=\box51
\l__coffin_internal_dim=\dimen133
\l__coffin_offset_x_dim=\dimen134
\l__coffin_offset_y_dim=\dimen135
\l__coffin_x_dim=\dimen136
\l__coffin_y_dim=\dimen137
\l__coffin_x_prime_dim=\dimen138
\l__coffin_y_prime_dim=\dimen139
\c_empty_coffin=\box52
\l__coffin_aligned_coffin=\box53
\l__coffin_aligned_internal_coffin=\box54
\l_tmpa_coffin=\box55
\l_tmpb_coffin=\box56
\l__coffin_display_coffin=\box57
\l__coffin_display_coord_coffin=\box58
\l__coffin_display_pole_coffin=\box59
\l__coffin_display_offset_dim=\dimen140
\l__coffin_display_x_dim=\dimen141
\l__coffin_display_y_dim=\dimen142
L3 Module: l3color 2014/08/23 v5354 L3 Experimental color support
L3 Module: l3candidates 2015/12/20 v6325 L3 Experimental additions to l3kernel
\l__box_top_dim=\dimen143
\l__box_bottom_dim=\dimen144
\l__box_left_dim=\dimen145
\l__box_right_dim=\dimen146
\l__box_top_new_dim=\dimen147
\l__box_bottom_new_dim=\dimen148
\l__box_left_new_dim=\dimen149
\l__box_right_new_dim=\dimen150
\l__box_internal_box=\box60
\l__coffin_bounding_shift_dim=\dimen151
\l__coffin_left_corner_dim=\dimen152
\l__coffin_right_corner_dim=\dimen153
\l__coffin_bottom_corner_dim=\dimen154
\l__coffin_top_corner_dim=\dimen155
\l__coffin_scaled_total_height_dim=\dimen156
\l__coffin_scaled_width_dim=\dimen157
L3 Module: l3sys 2015/09/25 v6087 L3 Experimental system/runtime functions
L3 Module: l3luatex 2015/11/11 v6250 L3 Experimental LuaTeX-specific functions
)
("C:\Program Files\MiKTeX 2.9\tex\latex\l3kernel\l3pdfmode.def"
File: l3pdfmode.def 2015/11/11 v6250 L3 Experimental driver: PDF mode
\l__driver_color_stack_int=\count136
))
("C:\Program Files\MiKTeX 2.9\tex\latex\l3packages\xparse\xparse.sty"
Package: xparse 2015/12/20 v6326 L3 Experimental document command parser
\l__xparse_current_arg_int=\count137
\l__xparse_m_args_int=\count138
\l__xparse_mandatory_args_int=\count139
\l__xparse_processor_int=\count140
\l__xparse_v_nesting_int=\count141
)
Package: siunitx 2015/12/31 v2.6n A comprehensive (SI) units package

("C:\Program Files\MiKTeX 2.9\tex\latex\l3packages\l3keys2e\l3keys2e.sty"
Package: l3keys2e 2015/12/20 v6326 LaTeX2e option processing using LaTeX3 keys
)
\l__siunitx_tmp_box=\box61
\l__siunitx_tmp_dim=\dimen158
\l__siunitx_tmp_int=\count142
\l__siunitx_number_mantissa_length_int=\count143
\l__siunitx_number_uncert_length_int=\count144
\l__siunitx_round_int=\count145
\l__siunitx_process_decimal_int=\count146
\l__siunitx_process_uncertainty_int=\count147
\l__siunitx_process_fixed_int=\count148
\l__siunitx_process_integer_min_int=\count149
\l__siunitx_process_precision_int=\count150
\l__siunitx_group_min_int=\count151
\l__siunitx_angle_marker_box=\box62
\l__siunitx_angle_unit_box=\box63
\l__siunitx_angle_marker_dim=\dimen159
\l__siunitx_angle_unit_dim=\dimen160
\l__siunitx_unit_int=\count152
\l__siunitx_unit_denominator_int=\count153
\l__siunitx_unit_numerator_int=\count154
\l__siunitx_unit_prefix_int=\count155
\l__siunitx_unit_prefix_base_int=\count156
\l__siunitx_unit_prefix_gram_int=\count157
\l__siunitx_number_product_int=\count158
\c__siunitx_one_fill_skip=\skip59
\l__siunitx_table_unit_align_skip=\skip60
\l__siunitx_table_exponent_dim=\dimen161
\l__siunitx_table_integer_dim=\dimen162
\l__siunitx_table_mantissa_dim=\dimen163
\l__siunitx_table_marker_dim=\dimen164
\l__siunitx_table_result_dim=\dimen165
\l__siunitx_table_uncert_dim=\dimen166
\l__siunitx_table_fill_pre_dim=\dimen167
\l__siunitx_table_fill_post_dim=\dimen168
\l__siunitx_table_fill_mid_dim=\dimen169
\l__siunitx_table_pre_box=\box64
\l__siunitx_table_post_box=\box65
\l__siunitx_table_mantissa_box=\box66
\l__siunitx_table_result_box=\box67
\l__siunitx_table_number_align_skip=\skip61
\l__siunitx_table_text_align_skip=\skip62
.................................................
. LaTeX info: "xparse/define-command"
. 
. Defining command \DeclareBinaryPrefix with sig. 'mmm' on line 7208.
.................................................
.................................................
. LaTeX info: "xparse/define-command"
. 
. Defining command \DeclareSIPostPower with sig. 'mm' on line 7211.
.................................................
.................................................
. LaTeX info: "xparse/define-command"
. 
. Defining command \DeclareSIPrefix with sig. 'mmm' on line 7214.
.................................................
.................................................
. LaTeX info: "xparse/define-command"
. 
. Defining command \DeclareSIPrePower with sig. 'mm' on line 7217.
.................................................
.................................................
. LaTeX info: "xparse/define-command"
. 
. Defining command \DeclareSIQualifier with sig. 'mm' on line 7220.
.................................................
.................................................
. LaTeX info: "xparse/define-command"
. 
. Defining command \DeclareSIUnit with sig. 'O{}mm' on line 7223.
.................................................
.................................................
. LaTeX info: "xparse/define-command"
. 
. Defining command \DeclareSIUnitWithOptions with sig. 'mmm' on line 7226.
.................................................
.................................................
. LaTeX info: "xparse/define-command"
. 
. Defining command \ang with sig. 'o>{\SplitArgument {2}{;}}m' on line 7241.
.................................................
.................................................
. LaTeX info: "xparse/define-command"
. 
. Defining command \num with sig. 'om' on line 7249.
.................................................
.................................................
. LaTeX info: "xparse/define-command"
. 
. Defining command \numlist with sig. 'o>{\SplitList {;}}m' on line 7257.
.................................................
.................................................
. LaTeX info: "xparse/define-command"
. 
. Defining command \numrange with sig. 'omm' on line 7265.
.................................................
.................................................
. LaTeX info: "xparse/define-command"
. 
. Defining command \SIlist with sig. 'o>{\SplitList {;}}mm' on line 7276.
.................................................
.................................................
. LaTeX info: "xparse/define-command"
. 
. Defining command \SIrange with sig. 'ommm' on line 7287.
.................................................
.................................................
. LaTeX info: "xparse/define-command"
. 
. Defining command \SI with sig. 'omom' on line 7298.
.................................................
.................................................
. LaTeX info: "xparse/define-command"
. 
. Defining command \sisetup with sig. 'm' on line 7301.
.................................................
.................................................
. LaTeX info: "xparse/define-command"
. 
. Defining command \tablenum with sig. 'om' on line 7313.
.................................................
.................................................
. LaTeX info: "xparse/define-command"
. 
. Defining command \si with sig. 'om' on line 7324.
.................................................
.................................................
. LaTeX info: "xparse/define-command"
. 
. Defining command \__siunitx_bookmark_num:w with sig. 'om' on line 7371.
.................................................
.................................................
. LaTeX info: "xparse/define-command"
. 
. Defining command \__siunitx_bookmark_numrange:w with sig. 'omm' on line
. 7373.
.................................................
.................................................
. LaTeX info: "xparse/define-command"
. 
. Defining command \__siunitx_bookmark_SI:w with sig. 'omom' on line 7375.
.................................................
.................................................
. LaTeX info: "xparse/define-command"
. 
. Defining command \__siunitx_bookmark_SIlist:w with sig. 'omm' on line 7377.
.................................................
.................................................
. LaTeX info: "xparse/define-command"
. 
. Defining command \__siunitx_bookmark_SIrange:w with sig. 'ommm' on line
. 7379.
.................................................
.................................................
. LaTeX info: "xparse/define-command"
. 
. Defining command \__siunitx_bookmark_si:w with sig. 'om' on line 7380.
.................................................
\g__file_internal_ior=\read1

("C:\Program Files\MiKTeX 2.9\tex\latex\beamer\base\translator\translator.sty"
Package: translator 2010/06/12 ver 1.10

("C:\Program Files\MiKTeX 2.9\tex\latex\beamer\base\translator\translator-langu
age-mappings.tex"))) ("C:\Program Files\MiKTeX 2.9\tex\latex\float\float.sty"
Package: float 2001/11/08 v1.3d Float enhancements (AL)
\c@float@type=\count159
\float@exts=\toks26
\float@box=\box68
\@float@everytoks=\toks27
\@floatcapt=\box69
)
Class revtex4-1 Info: Patching array package. on input line 90.


Class revtex4-1 Warning: Repair the float package.

Class revtex4-1 Info: Robustifying \LaTeX's \boldmath command on input line 90.

Class revtex4-1 Info: cite was not loaded (OK!) on input line 90.
Class revtex4-1 Info: mcite was not loaded (OK!) on input line 90.
Class revtex4-1 Info: multicol was not loaded (OK!) on input line 90.
(report.aux

LaTeX Warning: Label `lala' multiply defined.


LaTeX Warning: Label `fig:paritymeas' multiply defined.

)
\openout1 = `report.aux'.

LaTeX Font Info:    Checking defaults for OML/cmm/m/it on input line 90.
LaTeX Font Info:    ... okay on input line 90.
LaTeX Font Info:    Checking defaults for T1/cmr/m/n on input line 90.
LaTeX Font Info:    ... okay on input line 90.
LaTeX Font Info:    Checking defaults for OT1/cmr/m/n on input line 90.
LaTeX Font Info:    ... okay on input line 90.
LaTeX Font Info:    Checking defaults for OMS/cmsy/m/n on input line 90.
LaTeX Font Info:    ... okay on input line 90.
LaTeX Font Info:    Checking defaults for OMX/cmex/m/n on input line 90.
LaTeX Font Info:    ... okay on input line 90.
LaTeX Font Info:    Checking defaults for U/cmr/m/n on input line 90.
LaTeX Font Info:    ... okay on input line 90.
LaTeX Font Info:    Try loading font information for T1+lmr on input line 90.
 ("C:\Program Files\MiKTeX 2.9\tex\latex\lm\t1lmr.fd"
File: t1lmr.fd 2009/10/30 v1.6 Font defs for Latin Modern
)
("C:\Program Files\MiKTeX 2.9\tex\context\base\supp-pdf.mkii"
[Loading MPS to PDF converter (version 2006.09.02).]
\scratchcounter=\count160
\scratchdimen=\dimen170
\scratchbox=\box70
\nofMPsegments=\count161
\nofMParguments=\count162
\everyMPshowfont=\toks28
\MPscratchCnt=\count163
\MPscratchDim=\dimen171
\MPnumerator=\count164
\makeMPintoPDFobject=\count165
\everyMPtoPDFconversion=\toks29
)
Package caption Info: Begin \AtBeginDocument code.
Package caption Info: float package is loaded.
Package caption Info: End \AtBeginDocument code.
LaTeX Info: Redefining \microtypecontext on input line 90.
Package microtype Info: Generating PDF output.
Package microtype Info: Character protrusion enabled (level 2).
Package microtype Info: Using default protrusion set `alltext'.
Package microtype Info: Automatic font expansion enabled (level 2),
(microtype)             stretch: 20, shrink: 20, step: 1, non-selected.
Package microtype Info: Using default expansion set `basictext'.
Package microtype Info: No adjustment of tracking.
Package microtype Info: No adjustment of interword spacing.
Package microtype Info: No adjustment of character kerning.
 ("C:\Program Files\MiKTeX 2.9\tex\latex\microtype\mt-cmr.cfg"
File: mt-cmr.cfg 2013/05/19 v2.2 microtype config. file: Computer Modern Roman 
(RS)
)
("C:\Program Files\MiKTeX 2.9\tex\latex\beamer\base\translator\dicts\translator
-basic-dictionary\translator-basic-dictionary-English.dict"
Dictionary: translator-basic-dictionary, Language: English 
)
("C:\Program Files\MiKTeX 2.9\tex\latex\siunitx\siunitx-abbreviations.cfg"
File: siunitx-abbreviations.cfg 2015/12/31 v2.6n siunitx: Abbreviated units
)
\openout3 = `reportNotes.bib'.

\c__siunitx_mathsf_int=\count166
LaTeX Font Info:    Try loading font information for OT1+lmr on input line 90.

("C:\Program Files\MiKTeX 2.9\tex\latex\lm\ot1lmr.fd"
File: ot1lmr.fd 2009/10/30 v1.6 Font defs for Latin Modern
)
LaTeX Font Info:    Try loading font information for OML+lmm on input line 90.

("C:\Program Files\MiKTeX 2.9\tex\latex\lm\omllmm.fd"
File: omllmm.fd 2009/10/30 v1.6 Font defs for Latin Modern
)
LaTeX Font Info:    Try loading font information for OMS+lmsy on input line 90.


("C:\Program Files\MiKTeX 2.9\tex\latex\lm\omslmsy.fd"
File: omslmsy.fd 2009/10/30 v1.6 Font defs for Latin Modern
)
LaTeX Font Info:    Try loading font information for OMX+lmex on input line 90.


("C:\Program Files\MiKTeX 2.9\tex\latex\lm\omxlmex.fd"
File: omxlmex.fd 2009/10/30 v1.6 Font defs for Latin Modern
)
LaTeX Font Info:    External font `lmex10' loaded for size
(Font)              <10> on input line 90.
LaTeX Font Info:    External font `lmex10' loaded for size
(Font)              <7> on input line 90.
LaTeX Font Info:    External font `lmex10' loaded for size
(Font)              <5> on input line 90.
LaTeX Font Info:    Try loading font information for U+msa on input line 90.

("C:\Program Files\MiKTeX 2.9\tex\latex\amsfonts\umsa.fd"
File: umsa.fd 2013/01/14 v3.01 AMS symbols A
)
("C:\Program Files\MiKTeX 2.9\tex\latex\microtype\mt-msa.cfg"
File: mt-msa.cfg 2006/02/04 v1.1 microtype config. file: AMS symbols (a) (RS)
)
LaTeX Font Info:    Try loading font information for U+msb on input line 90.

("C:\Program Files\MiKTeX 2.9\tex\latex\amsfonts\umsb.fd"
File: umsb.fd 2013/01/14 v3.01 AMS symbols B
)
("C:\Program Files\MiKTeX 2.9\tex\latex\microtype\mt-msb.cfg"
File: mt-msb.cfg 2005/06/01 v1.0 microtype config. file: AMS symbols (b) (RS)
)
LaTeX Font Info:    Try loading font information for OT1+lmss on input line 90.


("C:\Program Files\MiKTeX 2.9\tex\latex\lm\ot1lmss.fd"
File: ot1lmss.fd 2009/10/30 v1.6 Font defs for Latin Modern
)
Package microtype Info: Loading generic settings for font family
(microtype)             `lmss' (encoding: OT1).
(microtype)             For optimal results, create family-specific settings.
(microtype)             See the microtype manual for details.
\c__siunitx_mathtt_int=\count167
LaTeX Font Info:    Try loading font information for OT1+lmtt on input line 90.


("C:\Program Files\MiKTeX 2.9\tex\latex\lm\ot1lmtt.fd"
File: ot1lmtt.fd 2009/10/30 v1.6 Font defs for Latin Modern
)
Package microtype Info: Loading generic settings for font family
(microtype)             `lmtt' (encoding: OT1).
(microtype)             For optimal results, create family-specific settings.
(microtype)             See the microtype manual for details.


Package natbib Warning: Citation `the paper' on page 1 undefined on input line 
115.

LaTeX Font Info:    External font `lmex10' loaded for size
(Font)              <12> on input line 122.
LaTeX Font Info:    External font `lmex10' loaded for size
(Font)              <8> on input line 122.
LaTeX Font Info:    External font `lmex10' loaded for size
(Font)              <6> on input line 122.

Class revtex4-1 Warning: If you want your PACS to appear in your output, use do
cument class option showpacs.

(report.toc)
\tf@toc=\write4
\openout4 = `report.toc'.

 (introduction.tex

Package natbib Warning: Citation `the paper' on page 1 undefined on input line 
8.


Package natbib Warning: Citation `the paper' on page 1 undefined on input line 
16.

) (spin.tex
LaTeX Font Info:    External font `lmex10' loaded for size
(Font)              <9> on input line 6.


Package natbib Warning: Citation `Pla2012' on page 1 undefined on input line 8.



Package natbib Warning: Citation `Muhonen2014' on page 1 undefined on input lin
e 9.


Package natbib Warning: Citation `Wolfowicz2013' on page 1 undefined on input l
ine 10.


Package natbib Warning: Citation `Balasubramanian2009' on page 1 undefined on i
nput line 11.


Package natbib Warning: Citation `Bar-Gill2013' on page 1 undefined on input li
ne 11.


Package natbib Warning: Citation `Bar-Gill2013' on page 1 undefined on input li
ne 12.


Package natbib Warning: Citation `Christle2014' on page 1 undefined on input li
ne 13.


Package natbib Warning: Citation `Koehl2011' on page 1 undefined on input line 
14.


Overfull \hbox (98.91936pt too wide) in paragraph at lines 6--18
 []$[]$ 
 []


Package natbib Warning: Citation `Pla2012' on page 1 undefined on input line 18
.


Package natbib Warning: Citation `Muhonen2014' on page 1 undefined on input lin
e 18.


Package natbib Warning: Citation `Pla2012' on page 1 undefined on input line 18
.


Package natbib Warning: Citation `Muhonen2014' on page 1 undefined on input lin
e 18.


Package natbib Warning: Citation `Tyryshkin2011' on page 1 undefined on input l
ine 21.

) (simulation.tex

LaTeX Warning: Reference `fig:plot' on page 1 undefined on input line 10.

[1{C:/Users/Sofia/AppData/Local/MiKTeX/2.9/pdftex/config/pdftex.map

pdfTeX warning: pdflatex.exe (file C:/Users/Sofia/AppData/Local/MiKTeX/2.9/pdft
ex/config/pdftex.map): invalid entry for `\def\filedate{2015/12/30}': both ps_n
ame and font file missing


pdfTeX warning: pdflatex.exe (file C:/Users/Sofia/AppData/Local/MiKTeX/2.9/pdft
ex/config/pdftex.map): invalid entry for `\def\fileversion{1.2}': both ps_name 
and font file missing
}]
<../abrupt_find_tau/abrupt_find_tau_full.pdf, id=27, 275.0275pt x 169.63374pt>
File: ../abrupt_find_tau/abrupt_find_tau_full.pdf Graphic file (type pdf)

<use ../abrupt_find_tau/abrupt_find_tau_full.pdf>
Package pdftex.def Info: ../abrupt_find_tau/abrupt_find_tau_full.pdf used on in
put line 20.
(pdftex.def)             Requested size: 249.9028pt x 154.14174pt.

<../circular_find_tau/circle_find_tau.pdf, id=28, 275.0275pt x 169.63374pt>
File: ../circular_find_tau/circle_find_tau.pdf Graphic file (type pdf)

<use ../circular_find_tau/circle_find_tau.pdf>
Package pdftex.def Info: ../circular_find_tau/circle_find_tau.pdf used on input
 line 26.
(pdftex.def)             Requested size: 249.9028pt x 154.14174pt.

Overfull \hbox (3.9028pt too wide) in paragraph at lines 18--31
 [][] 
 []


Overfull \hbox (3.9028pt too wide) in paragraph at lines 18--31
 [] 
 []

<../Figures/notodd.pdf, id=29, 361.35pt x 361.35pt>
File: ../Figures/notodd.pdf Graphic file (type pdf)

<use ../Figures/notodd.pdf>
Package pdftex.def Info: ../Figures/notodd.pdf used on input line 39.
(pdftex.def)             Requested size: 153.00156pt x 153.00104pt.
 <../Figures/odd.pdf, id=30, 361.35pt x 361.35pt>
File: ../Figures/odd.pdf Graphic file (type pdf)

<use ../Figures/odd.pdf>
Package pdftex.def Info: ../Figures/odd.pdf used on input line 45.
(pdftex.def)             Requested size: 153.00156pt x 153.00104pt.
) (errors.tex

Package natbib Warning: Citation `MEMS precision' on page 2 undefined on input 
line 10.

<../Figures/xjit.pdf, id=31, 275.0275pt x 169.63374pt>
File: ../Figures/xjit.pdf Graphic file (type pdf)

<use ../Figures/xjit.pdf>
Package pdftex.def Info: ../Figures/xjit.pdf used on input line 19.
(pdftex.def)             Requested size: 249.9028pt x 154.14174pt.

<../Figures/yjit.pdf, id=32, 275.0275pt x 169.63374pt>
File: ../Figures/yjit.pdf Graphic file (type pdf)

<use ../Figures/yjit.pdf>
Package pdftex.def Info: ../Figures/yjit.pdf used on input line 25.
(pdftex.def)             Requested size: 249.9028pt x 154.14174pt.

<../Figures/zjit.pdf, id=33, 275.0275pt x 169.63374pt>
File: ../Figures/zjit.pdf Graphic file (type pdf)

<use ../Figures/zjit.pdf>
Package pdftex.def Info: ../Figures/zjit.pdf used on input line 31.
(pdftex.def)             Requested size: 249.9028pt x 154.14174pt.

Overfull \hbox (3.9028pt too wide) in paragraph at lines 17--36
 [][] 
 []


Overfull \hbox (3.9028pt too wide) in paragraph at lines 17--36
 [] 
 []


Overfull \hbox (3.9028pt too wide) in paragraph at lines 17--36
 [] 
 []

[2 <../abrupt_find_tau/abrupt_find_tau_full.pdf> <../circular_find_tau/circle_f
ind_tau.pdf

pdfTeX warning: pdflatex.exe (file ../circular_find_tau/circle_find_tau.pdf): P
DF inclusion: multiple pdfs with page group included in a single page
> <../Figures/notodd.pdf

pdfTeX warning: pdflatex.exe (file ../Figures/notodd.pdf): PDF inclusion: multi
ple pdfs with page group included in a single page
> <../Figures/odd.pdf

pdfTeX warning: pdflatex.exe (file ../Figures/odd.pdf): PDF inclusion: multiple
 pdfs with page group included in a single page
>]
<../Figures/Circ_orbit_odd_100_dephasing.png, id=1301, 361.35pt x 359.1819pt>
File: ../Figures/Circ_orbit_odd_100_dephasing.png Graphic file (type png)

<use ../Figures/Circ_orbit_odd_100_dephasing.png>
Package pdftex.def Info: ../Figures/Circ_orbit_odd_100_dephasing.png used on in
put line 57.
(pdftex.def)             Requested size: 255.0pt x 253.4699pt.

Overfull \hbox (9.0pt too wide) in paragraph at lines 57--58
 [][] 
 []

<../Figures/Circ_orbit_odd_500_dephasing.png, id=1303, 361.35pt x 359.1819pt>
File: ../Figures/Circ_orbit_odd_500_dephasing.png Graphic file (type png)

<use ../Figures/Circ_orbit_odd_500_dephasing.png>
Package pdftex.def Info: ../Figures/Circ_orbit_odd_500_dephasing.png used on in
put line 68.
(pdftex.def)             Requested size: 255.0pt x 253.4699pt.

Overfull \hbox (9.0pt too wide) in paragraph at lines 68--69
 [][] 
 []


LaTeX Warning: `!h' float specifier changed to `!ht'.

<../Figures/phase_graph.png, id=1304, 2409.0pt x 1806.75pt>
File: ../Figures/phase_graph.png Graphic file (type png)

<use ../Figures/phase_graph.png>
Package pdftex.def Info: ../Figures/phase_graph.png used on input line 77.
(pdftex.def)             Requested size: 510.0pt x 382.48883pt.

Overfull \hbox (264.0pt too wide) in paragraph at lines 77--78
 [][] 
 []


Package natbib Warning: Citation `Wolfowicz2013' on page 3 undefined on input l
ine 83.

[3 <../Figures/xjit.pdf> <../Figures/yjit.pdf

pdfTeX warning: pdflatex.exe (file ../Figures/yjit.pdf): PDF inclusion: multipl
e pdfs with page group included in a single page
> <../Figures/zjit.pdf

pdfTeX warning: pdflatex.exe (file ../Figures/zjit.pdf): PDF inclusion: multipl
e pdfs with page group included in a single page
> <../Figures/Circ_orbit_odd_100_dephasing.png>]

LaTeX Warning: A float is stuck (cannot be placed); try class option [floatfix]
 on input line 86.

) (displacement.tex
<../Figures/Displacement_phase_histogram.pdf, id=1374, 578.16pt x 433.62pt>
File: ../Figures/Displacement_phase_histogram.pdf Graphic file (type pdf)

<use ../Figures/Displacement_phase_histogram.pdf>
Package pdftex.def Info: ../Figures/Displacement_phase_histogram.pdf used on in
put line 17.
(pdftex.def)             Requested size: 510.0pt x 382.49986pt.

Overfull \hbox (264.0pt too wide) in paragraph at lines 17--18
 [][] 
 []


LaTeX Warning: `h' float specifier changed to `ht'.

<../figures/z_offset.pdf, id=1375, 361.35pt x 361.35pt>
File: ../figures/z_offset.pdf Graphic file (type pdf)

<use ../figures/z_offset.pdf>
Package pdftex.def Info: ../figures/z_offset.pdf used on input line 29.
(pdftex.def)             Requested size: 356.99844pt x 356.99876pt.

<../figures/10nm_displacement_inward.pdf, id=1376, 361.35pt x 361.35pt>
File: ../figures/10nm_displacement_inward.pdf Graphic file (type pdf)

<use ../figures/10nm_displacement_inward.pdf>
Package pdftex.def Info: ../figures/10nm_displacement_inward.pdf used on input 
line 35.
(pdftex.def)             Requested size: 356.99844pt x 356.99876pt.

Overfull \hbox (264.0pt too wide) in paragraph at lines 27--40
 [][] 
 []


Overfull \hbox (264.0pt too wide) in paragraph at lines 27--40
 [] 
 []


LaTeX Warning: Float too large for page by 121.49748pt on input line 40.

) (conclusions.tex

Package natbib Warning: Citation `the paper' on page 4 undefined on input line 
3.

[4 <../Figures/Circ_orbit_odd_500_dephasing.png> <../Figures/phase_graph.png>]

LaTeX Warning: A float is stuck (cannot be placed); try class option [floatfix]
 on input line 4.

)
No file report.bbl.

Package natbib Warning: There were undefined citations.

[5 <../Figures/Displacement_phase_histogram.pdf>] [6 <../figures/z_offset.pdf> 
<../figures/10nm_displacement_inward.pdf

pdfTeX warning: pdflatex.exe (file ../figures/10nm_displacement_inward.pdf): PD
F inclusion: multiple pdfs with page group included in a single page
>] (report.aux)

LaTeX Warning: There were undefined references.


LaTeX Warning: There were multiply-defined labels.

 ) 
Here is how much of TeX's memory you used:
 17303 strings out of 493634
 325220 string characters out of 3143745
 375614 words of memory out of 3000000
 20324 multiletter control sequences out of 15000+200000
 121790 words of font info for 162 fonts, out of 3000000 for 9000
 1025 hyphenation exceptions out of 8191
 45i,10n,54p,10384b,1253s stack positions out of 5000i,500n,10000p,200000b,50000s
{C:/Program Files/MiKTeX 2.9/fonts/enc/dvips/lm/lm-mathit.enc}{C:/Program Fil
es/MiKTeX 2.9/fonts/enc/dvips/lm/lm-rm.enc}{C:/Program Files/MiKTeX 2.9/fonts/e
nc/dvips/lm/lm-mathsy.enc}{C:/Program Files/MiKTeX 2.9/fonts/enc/dvips/lm/lm-ec
.enc}<C:/Program Files/MiKTeX 2.9/fonts/type1/public/amsfonts/cm/cmmi10.pfb><C:
/Program Files/MiKTeX 2.9/fonts/type1/public/amsfonts/cm/cmmi12.pfb><C:/Program
 Files/MiKTeX 2.9/fonts/type1/public/amsfonts/cm/cmmi8.pfb><C:/Program Files/Mi
KTeX 2.9/fonts/type1/public/amsfonts/cm/cmr10.pfb><C:/Program Files/MiKTeX 2.9/
fonts/type1/public/amsfonts/cm/cmr12.pfb><C:/Program Files/MiKTeX 2.9/fonts/typ
e1/public/amsfonts/cm/cmr17.pfb><C:/Program Files/MiKTeX 2.9/fonts/type1/public
/amsfonts/cm/cmr7.pfb><C:/Program Files/MiKTeX 2.9/fonts/type1/public/amsfonts/
cm/cmr8.pfb><C:/Program Files/MiKTeX 2.9/fonts/type1/public/amsfonts/cm/cmsy10.
pfb><C:/Program Files/MiKTeX 2.9/fonts/type1/public/amsfonts/cm/cmsy7.pfb><C:/P
rogram Files/MiKTeX 2.9/fonts/type1/public/lm/lmbx10.pfb><C:/Program Files/MiKT
eX 2.9/fonts/type1/public/lm/lmbx12.pfb><C:/Program Files/MiKTeX 2.9/fonts/type
1/public/lm/lmbx7.pfb><C:/Program Files/MiKTeX 2.9/fonts/type1/public/lm/lmbx8.
pfb><C:/Program Files/MiKTeX 2.9/fonts/type1/public/lm/lmbx9.pfb><C:/Program Fi
les/MiKTeX 2.9/fonts/type1/public/lm/lmmi10.pfb><C:/Program Files/MiKTeX 2.9/fo
nts/type1/public/lm/lmmi6.pfb><C:/Program Files/MiKTeX 2.9/fonts/type1/public/l
m/lmmi7.pfb><C:/Program Files/MiKTeX 2.9/fonts/type1/public/lm/lmmi8.pfb><C:/Pr
ogram Files/MiKTeX 2.9/fonts/type1/public/lm/lmmi9.pfb><C:/Program Files/MiKTeX
 2.9/fonts/type1/public/lm/lmr10.pfb><C:/Program Files/MiKTeX 2.9/fonts/type1/p
ublic/lm/lmr5.pfb><C:/Program Files/MiKTeX 2.9/fonts/type1/public/lm/lmr6.pfb><
C:/Program Files/MiKTeX 2.9/fonts/type1/public/lm/lmr7.pfb><C:/Program Files/Mi
KTeX 2.9/fonts/type1/public/lm/lmr8.pfb><C:/Program Files/MiKTeX 2.9/fonts/type
1/public/lm/lmr9.pfb><C:/Program Files/MiKTeX 2.9/fonts/type1/public/lm/lmri10.
pfb><C:/Program Files/MiKTeX 2.9/fonts/type1/public/lm/lmri9.pfb><C:/Program Fi
les/MiKTeX 2.9/fonts/type1/public/lm/lmsy10.pfb><C:/Program Files/MiKTeX 2.9/fo
nts/type1/public/lm/lmsy6.pfb><C:/Program Files/MiKTeX 2.9/fonts/type1/public/l
m/lmsy7.pfb><C:/Program Files/MiKTeX 2.9/fonts/type1/public/lm/lmsy8.pfb><C:/Pr
ogram Files/MiKTeX 2.9/fonts/type1/urw/ncntrsbk/uncr8a.pfb>
Output written on report.pdf (6 pages, 2375839 bytes).
PDF statistics:
 3525 PDF objects out of 3580 (max. 8388607)
 0 named destinations out of 1000 (max. 500000)
 45122 words of extra memory for PDF output out of 51595 (max. 10000000)

